<?xml version="1.0" encoding="UTF-8"?>
<beans xmlns="http://www.springframework.org/schema/beans"
	xmlns:xsi="http://www.w3.org/2001/XMLSchema-instance" xmlns:context="http://www.springframework.org/schema/context"
	xmlns:p="http://www.springframework.org/schema/p" xmlns:mvc="http://www.springframework.org/schema/mvc"
	xmlns:tx="http://www.springframework.org/schema/tx" xmlns:util="http://www.springframework.org/schema/util" 
	xmlns:aop="http://www.springframework.org/schema/aop" xmlns:task="http://www.springframework.org/schema/task"
	xsi:schemaLocation="http://www.springframework.org/schema/aop
       					http://www.springframework.org/schema/aop/spring-aop-3.0.xsd
       					http://www.springframework.org/schema/beans
           				http://www.springframework.org/schema/beans/spring-beans-3.0.xsd
           				http://www.springframework.org/schema/context
           				http://www.springframework.org/schema/context/spring-context-3.0.xsd
           				http://www.springframework.org/schema/tx
	       				http://www.springframework.org/schema/tx/spring-tx-3.0.xsd
	       				http://www.springframework.org/schema/util
      					http://www.springframework.org/schema/util/spring-util-3.0.xsd
      					http://www.springframework.org/schema/mvc 
      					http://www.springframework.org/schema/mvc/spring-mvc-3.0.xsd
           				http://www.springframework.org/schema/oxm
           				http://www.springframework.org/schema/oxm/spring-oxm-3.0.xsd
           				http://www.springframework.org/schema/task
       					http://www.springframework.org/schema/task/spring-task-3.0.xsd" >
	
	<context:annotation-config />
	<context:component-scan base-package="net.daum.test">
        <context:include-filter type="annotation" expression="org.springframework.stereotype.Controller" />
    </context:component-scan>
    
    <bean class="org.springframework.web.servlet.mvc.annotation.DefaultAnnotationHandlerMapping" p:alwaysUseFullPath="true" />
	
	<bean class="org.springframework.web.servlet.mvc.method.annotation.RequestMappingHandlerMapping">
	</bean>
	
	<bean id="viewResolver"
		class="org.springframework.web.servlet.view.velocity.VelocityViewResolver">
		<property name="contentType" value="text/html; charset=UTF-8" />
		<property name="suffix" value=".vm" />
		<property name="toolboxConfigLocation" value="/WEB-INF/conf/velocity.toolbox.xml"/>
	</bean>
 
	<bean id="velocityConfig"
		class="org.springframework.web.servlet.view.velocity.VelocityConfigurer">
		<property name="configLocation" value="/WEB-INF/conf/velocity.properties"></property>
	</bean>
</beans>	